<?xml version="1.0" encoding="UTF-8"?>
<!-- Generated by org.testng.reporters.JUnitXMLReporter -->
<testsuite ignored="0" hostname="DESKTOP-20G0H2Q" failures="0" tests="4" name="Default test" time="4.931" errors="0" timestamp="2023-12-18T17:56:02 IST">
  <testcase classname="trelloAutomation.TrelloAPI" name="createBoard" time="2.72"/>
  <testcase classname="trelloAutomation.TrelloAPI" name="getBoardId" time="0.39"/>
  <testcase classname="trelloAutomation.TrelloAPI" name="putRequest" time="0.385"/>
  <testcase classname="trelloAutomation.TrelloAPI" name="deleteRequest" time="1.4"/>
</testsuite> <!-- Default test -->
