<?xml version="1.0" encoding="UTF-8"?>
<testng-results ignored="0" total="4" passed="4" failed="0" skipped="0">
  <reporter-output>
  </reporter-output>
  <suite started-at="2023-12-18T17:55:57 IST" name="Default suite" finished-at="2023-12-18T17:56:02 IST" duration-ms="4931">
    <groups>
    </groups>
    <test started-at="2023-12-18T17:55:57 IST" name="Default test" finished-at="2023-12-18T17:56:02 IST" duration-ms="4931">
      <class name="trelloAutomation.TrelloAPI">
        <test-method signature="createBoard()[pri:0, instance:trelloAutomation.TrelloAPI@13e39c73]" started-at="2023-12-18T17:55:57 IST" name="createBoard" finished-at="2023-12-18T17:56:00 IST" duration-ms="2720" status="PASS">
          <reporter-output>
          </reporter-output>
        </test-method> <!-- createBoard -->
        <test-method signature="getBoardId()[pri:1, instance:trelloAutomation.TrelloAPI@13e39c73]" started-at="2023-12-18T17:56:00 IST" name="getBoardId" finished-at="2023-12-18T17:56:00 IST" duration-ms="390" status="PASS">
          <reporter-output>
          </reporter-output>
        </test-method> <!-- getBoardId -->
        <test-method signature="putRequest()[pri:2, instance:trelloAutomation.TrelloAPI@13e39c73]" started-at="2023-12-18T17:56:00 IST" name="putRequest" finished-at="2023-12-18T17:56:00 IST" duration-ms="385" status="PASS">
          <reporter-output>
          </reporter-output>
        </test-method> <!-- putRequest -->
        <test-method signature="deleteRequest()[pri:3, instance:trelloAutomation.TrelloAPI@13e39c73]" started-at="2023-12-18T17:56:00 IST" name="deleteRequest" finished-at="2023-12-18T17:56:02 IST" duration-ms="1400" status="PASS">
          <reporter-output>
          </reporter-output>
        </test-method> <!-- deleteRequest -->
      </class> <!-- trelloAutomation.TrelloAPI -->
    </test> <!-- Default test -->
  </suite> <!-- Default suite -->
</testng-results>
